[2026-01-03T00:04:06.658682+01:00] VideoclubLogger.INFO: Soporte alquilado correctamente {"cliente":"Ismael","numeroCliente":1,"soporte":1} []
[2026-01-03T00:04:06.706409+01:00] VideoclubLogger.WARNING: Intento de alquilar soporte ya alquilado {"cliente":"Ismael","numeroCliente":1,"soporte":1} []
[2026-01-03T00:04:06.708984+01:00] VideoclubLogger.INFO: Soporte devuelto {"cliente":"Ismael","numeroCliente":1,"soporte":1} []
[2026-01-03T00:04:06.709226+01:00] VideoclubLogger.WARNING: Intento de devolver soporte no alquilado {"cliente":"Ismael","numeroCliente":1,"soporte":1} []
[2026-01-03T00:34:40.021981+01:00] VideoclubLogger.INFO: Socio añadido al videoclub {"cliente":"Ismael","numeroCliente":1} []
[2026-01-03T00:34:40.024120+01:00] VideoclubLogger.INFO: Socio añadido al videoclub {"cliente":"Pablo","numeroCliente":2} []
[2026-01-03T00:34:40.025041+01:00] VideoclubLogger.INFO: Producto añadido al videoclub {"producto":"Dwes\\ProyectoVideoclub\\Dvd","numeroProducto":1} []
[2026-01-03T00:34:40.025101+01:00] VideoclubLogger.INFO: Producto añadido al videoclub {"producto":"Dwes\\ProyectoVideoclub\\Dvd","numeroProducto":2} []
[2026-01-03T00:34:40.025156+01:00] VideoclubLogger.INFO: Soporte alquilado correctamente {"cliente":"Ismael","numeroCliente":1,"soporte":1} []
[2026-01-03T00:34:40.025714+01:00] VideoclubLogger.INFO: Soporte alquilado en alquiler múltiple {"cliente":1,"producto":1} []
[2026-01-03T00:34:40.025783+01:00] VideoclubLogger.INFO: Soporte alquilado correctamente {"cliente":"Ismael","numeroCliente":1,"soporte":2} []
[2026-01-03T00:34:40.026122+01:00] VideoclubLogger.INFO: Soporte alquilado en alquiler múltiple {"cliente":1,"producto":2} []
[2026-01-03T00:34:40.026177+01:00] VideoclubLogger.WARNING: Intento de alquilar soporte ya alquilado {"cliente":"Ismael","numeroCliente":1,"soporte":1} []
[2026-01-03T00:34:40.027026+01:00] VideoclubLogger.WARNING: Error al alquilar producto desde Videoclub {"cliente":1,"producto":1,"error":"El cliente Ismael (nº 1) ya tiene alquilado el soporte nº 1."} []
[2026-01-03T00:34:40.027833+01:00] VideoclubLogger.INFO: Soporte devuelto {"cliente":"Ismael","numeroCliente":1,"soporte":1} []
[2026-01-03T00:34:40.027875+01:00] VideoclubLogger.INFO: Soporte devuelto desde Videoclub {"cliente":1,"producto":1} []
[2026-01-03T00:34:40.027915+01:00] VideoclubLogger.WARNING: Intento de devolver soporte no alquilado {"cliente":"Ismael","numeroCliente":1,"soporte":1} []
[2026-01-03T00:34:40.028338+01:00] VideoclubLogger.WARNING: Error al devolver soporte desde Videoclub {"cliente":1,"producto":1,"error":"El cliente Ismael (nº 1) no tenía alquilado el soporte nº 1."} []
[2026-01-03T00:34:40.028395+01:00] VideoclubLogger.WARNING: Error en devolución múltiple: soporte no alquilado {"cliente":1,"producto":3} []
[2026-01-03T00:46:09.190100+01:00] VideoclubLogger.INFO: Socio añadido al videoclub {"cliente":"Ismael","numeroCliente":1} []
[2026-01-03T00:46:09.193122+01:00] VideoclubLogger.INFO: Producto añadido al videoclub {"producto":"Dwes\\ProyectoVideoclub\\Dvd","numeroProducto":1} []
[2026-01-03T00:46:09.193175+01:00] VideoclubLogger.INFO: Soporte alquilado correctamente {"cliente":"Ismael","numeroCliente":1,"soporte":1} []
[2026-01-03T00:46:09.193717+01:00] VideoclubLogger.INFO: Alquiler realizado correctamente desde Videoclub {"cliente":1,"producto":1} []
[2026-01-03T17:59:01.041383+01:00] VideoclubLogger.INFO: Producto añadido al videoclub {"producto":"Dwes\\ProyectoVideoclub\\Juego","numeroProducto":1} []
[2026-01-03T17:59:01.089132+01:00] VideoclubLogger.INFO: Producto añadido al videoclub {"producto":"Dwes\\ProyectoVideoclub\\Juego","numeroProducto":2} []
[2026-01-03T17:59:01.089509+01:00] VideoclubLogger.INFO: Producto añadido al videoclub {"producto":"Dwes\\ProyectoVideoclub\\Dvd","numeroProducto":3} []
[2026-01-03T17:59:01.089554+01:00] VideoclubLogger.INFO: Producto añadido al videoclub {"producto":"Dwes\\ProyectoVideoclub\\Dvd","numeroProducto":4} []
[2026-01-03T17:59:01.089582+01:00] VideoclubLogger.INFO: Producto añadido al videoclub {"producto":"Dwes\\ProyectoVideoclub\\Dvd","numeroProducto":5} []
[2026-01-03T17:59:01.089908+01:00] VideoclubLogger.INFO: Producto añadido al videoclub {"producto":"Dwes\\ProyectoVideoclub\\CintaVideo","numeroProducto":6} []
[2026-01-03T17:59:01.089946+01:00] VideoclubLogger.INFO: Producto añadido al videoclub {"producto":"Dwes\\ProyectoVideoclub\\CintaVideo","numeroProducto":7} []
[2026-01-03T17:59:01.090421+01:00] VideoclubLogger.INFO: Socio añadido al videoclub {"cliente":"Benito Martínez","numeroCliente":1} []
[2026-01-03T17:59:01.091241+01:00] VideoclubLogger.INFO: Socio añadido al videoclub {"cliente":"Emmanuel Gazmey","numeroCliente":2} []
[2026-01-03T18:11:55.380280+01:00] VideoclubLogger.INFO: Producto añadido al videoclub {"producto":"Dwes\\ProyectoVideoclub\\Juego","numeroProducto":1} []
[2026-01-03T18:11:55.382595+01:00] VideoclubLogger.INFO: Producto añadido al videoclub {"producto":"Dwes\\ProyectoVideoclub\\Juego","numeroProducto":2} []
[2026-01-03T18:11:55.406091+01:00] VideoclubLogger.INFO: Producto añadido al videoclub {"producto":"Dwes\\ProyectoVideoclub\\Dvd","numeroProducto":3} []
[2026-01-03T18:11:55.406285+01:00] VideoclubLogger.INFO: Producto añadido al videoclub {"producto":"Dwes\\ProyectoVideoclub\\Dvd","numeroProducto":4} []
[2026-01-03T18:11:55.406400+01:00] VideoclubLogger.INFO: Producto añadido al videoclub {"producto":"Dwes\\ProyectoVideoclub\\Dvd","numeroProducto":5} []
[2026-01-03T18:11:55.430539+01:00] VideoclubLogger.INFO: Producto añadido al videoclub {"producto":"Dwes\\ProyectoVideoclub\\CintaVideo","numeroProducto":6} []
[2026-01-03T18:11:55.430801+01:00] VideoclubLogger.INFO: Producto añadido al videoclub {"producto":"Dwes\\ProyectoVideoclub\\CintaVideo","numeroProducto":7} []
[2026-01-03T18:11:55.431467+01:00] VideoclubLogger.INFO: Socio añadido al videoclub {"cliente":"Benito Martínez","numeroCliente":1} []
[2026-01-03T18:11:55.431626+01:00] VideoclubLogger.INFO: Socio añadido al videoclub {"cliente":"Emmanuel Gazmey","numeroCliente":2} []
[2026-01-03T18:20:20.898045+01:00] VideoclubLogger.INFO: Producto añadido al videoclub {"producto":"Dwes\\ProyectoVideoclub\\Juego","numeroProducto":1} []
[2026-01-03T18:20:20.901033+01:00] VideoclubLogger.INFO: Producto añadido al videoclub {"producto":"Dwes\\ProyectoVideoclub\\Juego","numeroProducto":2} []
[2026-01-03T18:20:20.901685+01:00] VideoclubLogger.INFO: Producto añadido al videoclub {"producto":"Dwes\\ProyectoVideoclub\\Dvd","numeroProducto":3} []
[2026-01-03T18:20:20.901877+01:00] VideoclubLogger.INFO: Producto añadido al videoclub {"producto":"Dwes\\ProyectoVideoclub\\Dvd","numeroProducto":4} []
[2026-01-03T18:20:20.902042+01:00] VideoclubLogger.INFO: Producto añadido al videoclub {"producto":"Dwes\\ProyectoVideoclub\\Dvd","numeroProducto":5} []
[2026-01-03T18:20:20.902646+01:00] VideoclubLogger.INFO: Producto añadido al videoclub {"producto":"Dwes\\ProyectoVideoclub\\CintaVideo","numeroProducto":6} []
[2026-01-03T18:20:20.902801+01:00] VideoclubLogger.INFO: Producto añadido al videoclub {"producto":"Dwes\\ProyectoVideoclub\\CintaVideo","numeroProducto":7} []
[2026-01-03T18:20:20.903426+01:00] VideoclubLogger.INFO: Socio añadido al videoclub {"cliente":"Benito Martínez","numeroCliente":1} []
[2026-01-03T18:20:20.903576+01:00] VideoclubLogger.INFO: Socio añadido al videoclub {"cliente":"Emmanuel Gazmey","numeroCliente":2} []
[2026-01-03T18:20:20.903699+01:00] VideoclubLogger.INFO: Soporte alquilado correctamente {"cliente":"Benito Martínez","numeroCliente":1,"soporte":2} []
[2026-01-03T18:20:20.904263+01:00] VideoclubLogger.INFO: Soporte alquilado correctamente {"cliente":"Benito Martínez","numeroCliente":1,"soporte":3} []
[2026-01-03T18:20:20.904421+01:00] VideoclubLogger.WARNING: Intento de alquilar soporte ya alquilado {"cliente":"Benito Martínez","numeroCliente":1,"soporte":2} []
[2026-01-03T18:20:20.905596+01:00] VideoclubLogger.WARNING: Cupo de alquiler superado {"cliente":"Benito Martínez","numeroCliente":1,"maxAlquileres":2} []
[2026-01-03T18:23:21.402442+01:00] VideoclubLogger.INFO: Producto añadido al videoclub {"producto":"Dwes\\ProyectoVideoclub\\Juego","numeroProducto":1} []
[2026-01-03T18:23:21.404791+01:00] VideoclubLogger.INFO: Producto añadido al videoclub {"producto":"Dwes\\ProyectoVideoclub\\Juego","numeroProducto":2} []
[2026-01-03T18:23:21.405219+01:00] VideoclubLogger.INFO: Producto añadido al videoclub {"producto":"Dwes\\ProyectoVideoclub\\Dvd","numeroProducto":3} []
[2026-01-03T18:23:21.405266+01:00] VideoclubLogger.INFO: Producto añadido al videoclub {"producto":"Dwes\\ProyectoVideoclub\\Dvd","numeroProducto":4} []
[2026-01-03T18:23:21.405296+01:00] VideoclubLogger.INFO: Producto añadido al videoclub {"producto":"Dwes\\ProyectoVideoclub\\Dvd","numeroProducto":5} []
[2026-01-03T18:23:21.405626+01:00] VideoclubLogger.INFO: Producto añadido al videoclub {"producto":"Dwes\\ProyectoVideoclub\\CintaVideo","numeroProducto":6} []
[2026-01-03T18:23:21.405665+01:00] VideoclubLogger.INFO: Producto añadido al videoclub {"producto":"Dwes\\ProyectoVideoclub\\CintaVideo","numeroProducto":7} []
[2026-01-03T18:23:21.406142+01:00] VideoclubLogger.INFO: Socio añadido al videoclub {"cliente":"Benito Martínez","numeroCliente":1} []
[2026-01-03T18:23:21.406193+01:00] VideoclubLogger.INFO: Socio añadido al videoclub {"cliente":"Emmanuel Gazmey","numeroCliente":2} []
[2026-01-03T18:23:21.406227+01:00] VideoclubLogger.INFO: Soporte alquilado correctamente {"cliente":"Benito Martínez","numeroCliente":1,"soporte":2} []
[2026-01-03T18:23:21.406596+01:00] VideoclubLogger.INFO: Soporte alquilado correctamente {"cliente":"Benito Martínez","numeroCliente":1,"soporte":3} []
[2026-01-03T18:23:21.406637+01:00] VideoclubLogger.WARNING: Intento de alquilar soporte ya alquilado {"cliente":"Benito Martínez","numeroCliente":1,"soporte":2} []
[2026-01-03T18:23:21.407316+01:00] VideoclubLogger.WARNING: Cupo de alquiler superado {"cliente":"Benito Martínez","numeroCliente":1,"maxAlquileres":2} []
[2026-01-03T18:23:28.633286+01:00] VideoclubLogger.INFO: Producto añadido al videoclub {"producto":"Dwes\\ProyectoVideoclub\\Juego","numeroProducto":1} []
[2026-01-03T18:23:28.634877+01:00] VideoclubLogger.INFO: Producto añadido al videoclub {"producto":"Dwes\\ProyectoVideoclub\\Juego","numeroProducto":2} []
[2026-01-03T18:23:28.635200+01:00] VideoclubLogger.INFO: Producto añadido al videoclub {"producto":"Dwes\\ProyectoVideoclub\\Dvd","numeroProducto":3} []
[2026-01-03T18:23:28.635323+01:00] VideoclubLogger.INFO: Producto añadido al videoclub {"producto":"Dwes\\ProyectoVideoclub\\Dvd","numeroProducto":4} []
[2026-01-03T18:23:28.635620+01:00] VideoclubLogger.INFO: Producto añadido al videoclub {"producto":"Dwes\\ProyectoVideoclub\\Dvd","numeroProducto":5} []
[2026-01-03T18:23:28.636057+01:00] VideoclubLogger.INFO: Producto añadido al videoclub {"producto":"Dwes\\ProyectoVideoclub\\CintaVideo","numeroProducto":6} []
[2026-01-03T18:23:28.636278+01:00] VideoclubLogger.INFO: Producto añadido al videoclub {"producto":"Dwes\\ProyectoVideoclub\\CintaVideo","numeroProducto":7} []
[2026-01-03T18:23:28.636860+01:00] VideoclubLogger.INFO: Socio añadido al videoclub {"cliente":"Benito Martínez","numeroCliente":1} []
[2026-01-03T18:23:28.637057+01:00] VideoclubLogger.INFO: Socio añadido al videoclub {"cliente":"Emmanuel Gazmey","numeroCliente":2} []
[2026-01-03T18:23:28.637215+01:00] VideoclubLogger.INFO: Soporte alquilado correctamente {"cliente":"Benito Martínez","numeroCliente":1,"soporte":2} []
[2026-01-03T18:23:28.637943+01:00] VideoclubLogger.INFO: Soporte alquilado correctamente {"cliente":"Benito Martínez","numeroCliente":1,"soporte":3} []
[2026-01-03T18:23:28.638153+01:00] VideoclubLogger.WARNING: Intento de alquilar soporte ya alquilado {"cliente":"Benito Martínez","numeroCliente":1,"soporte":2} []
[2026-01-03T18:23:28.638737+01:00] VideoclubLogger.WARNING: Cupo de alquiler superado {"cliente":"Benito Martínez","numeroCliente":1,"maxAlquileres":2} []
[2026-01-03T18:28:37.795790+01:00] VideoclubLogger.INFO: Producto añadido al videoclub {"producto":"Dwes\\ProyectoVideoclub\\Juego","numeroProducto":1} []
[2026-01-03T18:28:37.798213+01:00] VideoclubLogger.INFO: Producto añadido al videoclub {"producto":"Dwes\\ProyectoVideoclub\\Juego","numeroProducto":2} []
[2026-01-03T18:28:37.798717+01:00] VideoclubLogger.INFO: Producto añadido al videoclub {"producto":"Dwes\\ProyectoVideoclub\\Dvd","numeroProducto":3} []
[2026-01-03T18:28:37.798760+01:00] VideoclubLogger.INFO: Producto añadido al videoclub {"producto":"Dwes\\ProyectoVideoclub\\Dvd","numeroProducto":4} []
[2026-01-03T18:28:37.798790+01:00] VideoclubLogger.INFO: Producto añadido al videoclub {"producto":"Dwes\\ProyectoVideoclub\\Dvd","numeroProducto":5} []
[2026-01-03T18:28:37.799258+01:00] VideoclubLogger.INFO: Producto añadido al videoclub {"producto":"Dwes\\ProyectoVideoclub\\CintaVideo","numeroProducto":6} []
[2026-01-03T18:28:37.799314+01:00] VideoclubLogger.INFO: Producto añadido al videoclub {"producto":"Dwes\\ProyectoVideoclub\\CintaVideo","numeroProducto":7} []
[2026-01-03T18:28:37.799795+01:00] VideoclubLogger.INFO: Socio añadido al videoclub {"cliente":"Benito Martínez","numeroCliente":1} []
[2026-01-03T18:28:37.799844+01:00] VideoclubLogger.INFO: Socio añadido al videoclub {"cliente":"Emmanuel Gazmey","numeroCliente":2} []
[2026-01-03T18:28:37.799878+01:00] VideoclubLogger.INFO: Soporte alquilado correctamente {"cliente":"Benito Martínez","numeroCliente":1,"soporte":2} []
[2026-01-03T18:28:37.800234+01:00] VideoclubLogger.INFO: Soporte alquilado correctamente {"cliente":"Benito Martínez","numeroCliente":1,"soporte":3} []
[2026-01-03T18:28:37.800274+01:00] VideoclubLogger.WARNING: Intento de alquilar soporte ya alquilado {"cliente":"Benito Martínez","numeroCliente":1,"soporte":2} []
[2026-01-03T18:28:37.800845+01:00] VideoclubLogger.WARNING: Cupo de alquiler superado {"cliente":"Benito Martínez","numeroCliente":1,"maxAlquileres":2} []
[2026-01-03T18:46:54.049355+01:00] VideoclubLogger.INFO: Producto añadido al videoclub {"producto":"Dwes\\ProyectoVideoclub\\Juego","numeroProducto":1} []
[2026-01-03T18:46:54.051777+01:00] VideoclubLogger.INFO: Producto añadido al videoclub {"producto":"Dwes\\ProyectoVideoclub\\Juego","numeroProducto":2} []
[2026-01-03T18:46:54.052287+01:00] VideoclubLogger.INFO: Producto añadido al videoclub {"producto":"Dwes\\ProyectoVideoclub\\Dvd","numeroProducto":3} []
[2026-01-03T18:46:54.052424+01:00] VideoclubLogger.INFO: Producto añadido al videoclub {"producto":"Dwes\\ProyectoVideoclub\\Dvd","numeroProducto":4} []
[2026-01-03T18:46:54.052540+01:00] VideoclubLogger.INFO: Producto añadido al videoclub {"producto":"Dwes\\ProyectoVideoclub\\Dvd","numeroProducto":5} []
[2026-01-03T18:46:54.053003+01:00] VideoclubLogger.INFO: Producto añadido al videoclub {"producto":"Dwes\\ProyectoVideoclub\\CintaVideo","numeroProducto":6} []
[2026-01-03T18:46:54.053141+01:00] VideoclubLogger.INFO: Producto añadido al videoclub {"producto":"Dwes\\ProyectoVideoclub\\CintaVideo","numeroProducto":7} []
[2026-01-03T18:46:54.053912+01:00] VideoclubLogger.INFO: Socio añadido al videoclub {"cliente":"Benito Martínez","numeroCliente":1} []
[2026-01-03T18:46:54.054104+01:00] VideoclubLogger.INFO: Socio añadido al videoclub {"cliente":"Emmanuel Gazmey","numeroCliente":2} []
[2026-01-03T18:46:54.054227+01:00] VideoclubLogger.INFO: Soporte alquilado correctamente {"cliente":"Benito Martínez","numeroCliente":1,"soporte":2} []
[2026-01-03T18:46:54.054752+01:00] VideoclubLogger.INFO: Soporte alquilado correctamente {"cliente":"Benito Martínez","numeroCliente":1,"soporte":3} []
[2026-01-03T18:46:54.054921+01:00] VideoclubLogger.WARNING: Intento de alquilar soporte ya alquilado {"cliente":"Benito Martínez","numeroCliente":1,"soporte":2} []
[2026-01-03T18:46:54.055787+01:00] VideoclubLogger.WARNING: Cupo de alquiler superado {"cliente":"Benito Martínez","numeroCliente":1,"maxAlquileres":2} []
[2026-01-03T18:49:52.353833+01:00] VideoclubLogger.INFO: Producto añadido al videoclub {"producto":"Dwes\\ProyectoVideoclub\\Juego","numeroProducto":1} []
[2026-01-03T18:49:52.356361+01:00] VideoclubLogger.INFO: Producto añadido al videoclub {"producto":"Dwes\\ProyectoVideoclub\\Juego","numeroProducto":2} []
[2026-01-03T18:49:52.356908+01:00] VideoclubLogger.INFO: Producto añadido al videoclub {"producto":"Dwes\\ProyectoVideoclub\\Dvd","numeroProducto":3} []
[2026-01-03T18:49:52.356955+01:00] VideoclubLogger.INFO: Producto añadido al videoclub {"producto":"Dwes\\ProyectoVideoclub\\Dvd","numeroProducto":4} []
[2026-01-03T18:49:52.356984+01:00] VideoclubLogger.INFO: Producto añadido al videoclub {"producto":"Dwes\\ProyectoVideoclub\\Dvd","numeroProducto":5} []
[2026-01-03T18:49:52.357268+01:00] VideoclubLogger.INFO: Producto añadido al videoclub {"producto":"Dwes\\ProyectoVideoclub\\CintaVideo","numeroProducto":6} []
[2026-01-03T18:49:52.357306+01:00] VideoclubLogger.INFO: Producto añadido al videoclub {"producto":"Dwes\\ProyectoVideoclub\\CintaVideo","numeroProducto":7} []
[2026-01-03T18:49:52.357757+01:00] VideoclubLogger.INFO: Socio añadido al videoclub {"cliente":"Benito Martínez","numeroCliente":1} []
[2026-01-03T18:49:52.357805+01:00] VideoclubLogger.INFO: Socio añadido al videoclub {"cliente":"Emmanuel Gazmey","numeroCliente":2} []
[2026-01-03T18:49:52.357839+01:00] VideoclubLogger.INFO: Soporte alquilado correctamente {"cliente":"Benito Martínez","numeroCliente":1,"soporte":2} []
[2026-01-03T18:49:52.358178+01:00] VideoclubLogger.INFO: Soporte alquilado correctamente {"cliente":"Benito Martínez","numeroCliente":1,"soporte":4} []
[2026-01-03T18:49:52.358216+01:00] VideoclubLogger.WARNING: Intento de alquilar soporte ya alquilado {"cliente":"Benito Martínez","numeroCliente":1,"soporte":2} []
[2026-01-03T18:49:52.358772+01:00] VideoclubLogger.WARNING: Cupo de alquiler superado {"cliente":"Benito Martínez","numeroCliente":1,"maxAlquileres":2} []
[2026-01-05T16:28:03.414488+01:00] VideoclubLogger.INFO: Soporte alquilado correctamente {"cliente":"Pablo","numeroCliente":1,"soporte":1} []
[2026-01-05T16:28:03.529603+01:00] VideoclubLogger.WARNING: Intento de alquilar soporte ya alquilado {"cliente":"Pablo","numeroCliente":1,"soporte":1} []
[2026-01-05T16:28:03.649065+01:00] VideoclubLogger.INFO: Soporte alquilado correctamente {"cliente":"Pablo","numeroCliente":1,"soporte":2} []
[2026-01-05T16:28:03.649602+01:00] VideoclubLogger.WARNING: Intento de alquilar soporte ya alquilado {"cliente":"Pablo","numeroCliente":1,"soporte":2} []
[2026-01-05T16:28:03.650321+01:00] VideoclubLogger.INFO: Soporte alquilado correctamente {"cliente":"Pablo","numeroCliente":1,"soporte":3} []
[2026-01-05T16:28:03.650855+01:00] VideoclubLogger.WARNING: Intento de alquilar soporte ya alquilado {"cliente":"Pablo","numeroCliente":1,"soporte":3} []
[2026-01-05T16:28:03.651436+01:00] VideoclubLogger.INFO: Soporte alquilado correctamente {"cliente":"Ana","numeroCliente":2,"soporte":4} []
[2026-01-05T16:28:03.651981+01:00] VideoclubLogger.INFO: Soporte alquilado correctamente {"cliente":"Ana","numeroCliente":2,"soporte":5} []
[2026-01-05T16:28:03.652057+01:00] VideoclubLogger.WARNING: Cupo de alquiler superado {"cliente":"Ana","numeroCliente":2,"maxAlquileres":2} []
[2026-01-05T16:28:03.679055+01:00] VideoclubLogger.INFO: Soporte alquilado correctamente {"cliente":"Luis","numeroCliente":3,"soporte":7} []
[2026-01-05T16:28:03.679702+01:00] VideoclubLogger.INFO: Soporte devuelto {"cliente":"Luis","numeroCliente":3,"soporte":7} []
[2026-01-05T16:32:13.519201+01:00] VideoclubLogger.INFO: Soporte alquilado correctamente {"cliente":"Pablo","numeroCliente":1,"soporte":1} []
[2026-01-05T16:32:13.520864+01:00] VideoclubLogger.WARNING: Intento de alquilar soporte ya alquilado {"cliente":"Pablo","numeroCliente":1,"soporte":1} []
[2026-01-05T16:32:13.522192+01:00] VideoclubLogger.INFO: Soporte alquilado correctamente {"cliente":"Pablo","numeroCliente":1,"soporte":2} []
[2026-01-05T16:32:13.522613+01:00] VideoclubLogger.WARNING: Intento de alquilar soporte ya alquilado {"cliente":"Pablo","numeroCliente":1,"soporte":2} []
[2026-01-05T16:32:13.523190+01:00] VideoclubLogger.INFO: Soporte alquilado correctamente {"cliente":"Pablo","numeroCliente":1,"soporte":3} []
[2026-01-05T16:32:13.523552+01:00] VideoclubLogger.WARNING: Intento de alquilar soporte ya alquilado {"cliente":"Pablo","numeroCliente":1,"soporte":3} []
[2026-01-05T16:32:13.523908+01:00] VideoclubLogger.INFO: Soporte alquilado correctamente {"cliente":"Ana","numeroCliente":2,"soporte":4} []
[2026-01-05T16:32:13.524115+01:00] VideoclubLogger.INFO: Soporte alquilado correctamente {"cliente":"Ana","numeroCliente":2,"soporte":5} []
[2026-01-05T16:32:13.524151+01:00] VideoclubLogger.WARNING: Cupo de alquiler superado {"cliente":"Ana","numeroCliente":2,"maxAlquileres":2} []
[2026-01-05T16:32:13.524625+01:00] VideoclubLogger.INFO: Soporte alquilado correctamente {"cliente":"Luis","numeroCliente":3,"soporte":7} []
[2026-01-05T16:32:13.524840+01:00] VideoclubLogger.INFO: Soporte devuelto {"cliente":"Luis","numeroCliente":3,"soporte":7} []
[2026-01-05T16:32:13.564925+01:00] VideoclubLogger.INFO: Socio añadido al videoclub {"cliente":"Pablo","numeroCliente":1} []
[2026-01-05T16:32:13.565476+01:00] VideoclubLogger.INFO: Socio añadido al videoclub {"cliente":"Ana","numeroCliente":2} []
[2026-01-05T16:32:13.565554+01:00] VideoclubLogger.INFO: Producto añadido al videoclub {"producto":"Dwes\\ProyectoVideoclub\\CintaVideo","numeroProducto":1} []
[2026-01-05T16:32:13.565605+01:00] VideoclubLogger.INFO: Producto añadido al videoclub {"producto":"Dwes\\ProyectoVideoclub\\Dvd","numeroProducto":2} []
[2026-01-05T16:32:13.565657+01:00] VideoclubLogger.INFO: Producto añadido al videoclub {"producto":"Dwes\\ProyectoVideoclub\\Juego","numeroProducto":3} []
[2026-01-05T16:32:13.565767+01:00] VideoclubLogger.INFO: Soporte alquilado correctamente {"cliente":"Pablo","numeroCliente":1,"soporte":1} []
[2026-01-05T16:32:13.566762+01:00] VideoclubLogger.INFO: Socio añadido al videoclub {"cliente":"Pablo","numeroCliente":1} []
[2026-01-05T16:32:13.567004+01:00] VideoclubLogger.INFO: Socio añadido al videoclub {"cliente":"Ana","numeroCliente":2} []
[2026-01-05T16:32:13.567039+01:00] VideoclubLogger.INFO: Producto añadido al videoclub {"producto":"Dwes\\ProyectoVideoclub\\CintaVideo","numeroProducto":1} []
[2026-01-05T16:32:13.567062+01:00] VideoclubLogger.INFO: Producto añadido al videoclub {"producto":"Dwes\\ProyectoVideoclub\\Dvd","numeroProducto":2} []
[2026-01-05T16:32:13.567082+01:00] VideoclubLogger.INFO: Producto añadido al videoclub {"producto":"Dwes\\ProyectoVideoclub\\Juego","numeroProducto":3} []
[2026-01-05T16:32:13.567145+01:00] VideoclubLogger.INFO: Soporte alquilado correctamente {"cliente":"Pablo","numeroCliente":1,"soporte":1} []
[2026-01-05T16:32:13.567341+01:00] VideoclubLogger.INFO: Soporte alquilado correctamente {"cliente":"Pablo","numeroCliente":1,"soporte":2} []
[2026-01-05T16:32:13.600426+01:00] VideoclubLogger.INFO: Socio añadido al videoclub {"cliente":"Pablo","numeroCliente":1} []
[2026-01-05T16:32:13.600857+01:00] VideoclubLogger.INFO: Socio añadido al videoclub {"cliente":"Ana","numeroCliente":2} []
[2026-01-05T16:32:13.600919+01:00] VideoclubLogger.INFO: Producto añadido al videoclub {"producto":"Dwes\\ProyectoVideoclub\\CintaVideo","numeroProducto":1} []
[2026-01-05T16:32:13.600965+01:00] VideoclubLogger.INFO: Producto añadido al videoclub {"producto":"Dwes\\ProyectoVideoclub\\Dvd","numeroProducto":2} []
[2026-01-05T16:32:13.601001+01:00] VideoclubLogger.INFO: Producto añadido al videoclub {"producto":"Dwes\\ProyectoVideoclub\\Juego","numeroProducto":3} []
[2026-01-05T16:32:13.601175+01:00] VideoclubLogger.INFO: Soporte alquilado correctamente {"cliente":"Ana","numeroCliente":2,"soporte":2} []
[2026-01-05T16:32:13.601651+01:00] VideoclubLogger.INFO: Soporte devuelto {"cliente":"Ana","numeroCliente":2,"soporte":2} []
[2026-01-05T16:32:13.602281+01:00] VideoclubLogger.INFO: Socio añadido al videoclub {"cliente":"Pablo","numeroCliente":1} []
[2026-01-05T16:32:13.602533+01:00] VideoclubLogger.INFO: Socio añadido al videoclub {"cliente":"Ana","numeroCliente":2} []
[2026-01-05T16:32:13.602578+01:00] VideoclubLogger.INFO: Producto añadido al videoclub {"producto":"Dwes\\ProyectoVideoclub\\CintaVideo","numeroProducto":1} []
[2026-01-05T16:32:13.602655+01:00] VideoclubLogger.INFO: Producto añadido al videoclub {"producto":"Dwes\\ProyectoVideoclub\\Dvd","numeroProducto":2} []
[2026-01-05T16:32:13.602703+01:00] VideoclubLogger.INFO: Producto añadido al videoclub {"producto":"Dwes\\ProyectoVideoclub\\Juego","numeroProducto":3} []
[2026-01-05T16:32:13.603386+01:00] VideoclubLogger.INFO: Socio añadido al videoclub {"cliente":"Pablo","numeroCliente":1} []
[2026-01-05T16:32:13.603670+01:00] VideoclubLogger.INFO: Socio añadido al videoclub {"cliente":"Ana","numeroCliente":2} []
[2026-01-05T16:32:13.603712+01:00] VideoclubLogger.INFO: Producto añadido al videoclub {"producto":"Dwes\\ProyectoVideoclub\\CintaVideo","numeroProducto":1} []
[2026-01-05T16:32:13.603741+01:00] VideoclubLogger.INFO: Producto añadido al videoclub {"producto":"Dwes\\ProyectoVideoclub\\Dvd","numeroProducto":2} []
[2026-01-05T16:32:13.603765+01:00] VideoclubLogger.INFO: Producto añadido al videoclub {"producto":"Dwes\\ProyectoVideoclub\\Juego","numeroProducto":3} []
[2026-01-05T16:32:39.828616+01:00] VideoclubLogger.INFO: Socio añadido al videoclub {"cliente":"Pablo","numeroCliente":1} []
[2026-01-05T16:32:39.830035+01:00] VideoclubLogger.INFO: Socio añadido al videoclub {"cliente":"Ana","numeroCliente":2} []
[2026-01-05T16:32:39.830633+01:00] VideoclubLogger.INFO: Producto añadido al videoclub {"producto":"Dwes\\ProyectoVideoclub\\CintaVideo","numeroProducto":1} []
[2026-01-05T16:32:39.830833+01:00] VideoclubLogger.INFO: Producto añadido al videoclub {"producto":"Dwes\\ProyectoVideoclub\\Dvd","numeroProducto":2} []
[2026-01-05T16:32:39.831056+01:00] VideoclubLogger.INFO: Producto añadido al videoclub {"producto":"Dwes\\ProyectoVideoclub\\Juego","numeroProducto":3} []
[2026-01-05T16:32:39.831464+01:00] VideoclubLogger.INFO: Soporte alquilado correctamente {"cliente":"Pablo","numeroCliente":1,"soporte":1} []
[2026-01-05T16:32:39.836004+01:00] VideoclubLogger.INFO: Socio añadido al videoclub {"cliente":"Pablo","numeroCliente":1} []
[2026-01-05T16:32:39.836240+01:00] VideoclubLogger.INFO: Socio añadido al videoclub {"cliente":"Ana","numeroCliente":2} []
[2026-01-05T16:32:39.836276+01:00] VideoclubLogger.INFO: Producto añadido al videoclub {"producto":"Dwes\\ProyectoVideoclub\\CintaVideo","numeroProducto":1} []
[2026-01-05T16:32:39.836301+01:00] VideoclubLogger.INFO: Producto añadido al videoclub {"producto":"Dwes\\ProyectoVideoclub\\Dvd","numeroProducto":2} []
[2026-01-05T16:32:39.836322+01:00] VideoclubLogger.INFO: Producto añadido al videoclub {"producto":"Dwes\\ProyectoVideoclub\\Juego","numeroProducto":3} []
[2026-01-05T16:32:39.836383+01:00] VideoclubLogger.INFO: Soporte alquilado correctamente {"cliente":"Pablo","numeroCliente":1,"soporte":1} []
[2026-01-05T16:32:39.836594+01:00] VideoclubLogger.INFO: Soporte alquilado correctamente {"cliente":"Pablo","numeroCliente":1,"soporte":2} []
[2026-01-05T16:32:39.837560+01:00] VideoclubLogger.INFO: Socio añadido al videoclub {"cliente":"Pablo","numeroCliente":1} []
[2026-01-05T16:32:39.837956+01:00] VideoclubLogger.INFO: Socio añadido al videoclub {"cliente":"Ana","numeroCliente":2} []
[2026-01-05T16:32:39.838029+01:00] VideoclubLogger.INFO: Producto añadido al videoclub {"producto":"Dwes\\ProyectoVideoclub\\CintaVideo","numeroProducto":1} []
[2026-01-05T16:32:39.838070+01:00] VideoclubLogger.INFO: Producto añadido al videoclub {"producto":"Dwes\\ProyectoVideoclub\\Dvd","numeroProducto":2} []
[2026-01-05T16:32:39.838104+01:00] VideoclubLogger.INFO: Producto añadido al videoclub {"producto":"Dwes\\ProyectoVideoclub\\Juego","numeroProducto":3} []
[2026-01-05T16:32:39.838201+01:00] VideoclubLogger.INFO: Soporte alquilado correctamente {"cliente":"Ana","numeroCliente":2,"soporte":2} []
[2026-01-05T16:32:39.838547+01:00] VideoclubLogger.INFO: Soporte devuelto {"cliente":"Ana","numeroCliente":2,"soporte":2} []
[2026-01-05T16:32:39.839281+01:00] VideoclubLogger.INFO: Socio añadido al videoclub {"cliente":"Pablo","numeroCliente":1} []
[2026-01-05T16:32:39.839731+01:00] VideoclubLogger.INFO: Socio añadido al videoclub {"cliente":"Ana","numeroCliente":2} []
[2026-01-05T16:32:39.839851+01:00] VideoclubLogger.INFO: Producto añadido al videoclub {"producto":"Dwes\\ProyectoVideoclub\\CintaVideo","numeroProducto":1} []
[2026-01-05T16:32:39.839902+01:00] VideoclubLogger.INFO: Producto añadido al videoclub {"producto":"Dwes\\ProyectoVideoclub\\Dvd","numeroProducto":2} []
[2026-01-05T16:32:39.839940+01:00] VideoclubLogger.INFO: Producto añadido al videoclub {"producto":"Dwes\\ProyectoVideoclub\\Juego","numeroProducto":3} []
[2026-01-05T16:32:39.841604+01:00] VideoclubLogger.INFO: Socio añadido al videoclub {"cliente":"Pablo","numeroCliente":1} []
[2026-01-05T16:32:39.841898+01:00] VideoclubLogger.INFO: Socio añadido al videoclub {"cliente":"Ana","numeroCliente":2} []
[2026-01-05T16:32:39.841934+01:00] VideoclubLogger.INFO: Producto añadido al videoclub {"producto":"Dwes\\ProyectoVideoclub\\CintaVideo","numeroProducto":1} []
[2026-01-05T16:32:39.841959+01:00] VideoclubLogger.INFO: Producto añadido al videoclub {"producto":"Dwes\\ProyectoVideoclub\\Dvd","numeroProducto":2} []
[2026-01-05T16:32:39.841987+01:00] VideoclubLogger.INFO: Producto añadido al videoclub {"producto":"Dwes\\ProyectoVideoclub\\Juego","numeroProducto":3} []
[2026-01-05T16:36:26.567615+01:00] VideoclubLogger.INFO: Soporte alquilado correctamente {"cliente":"Pablo","numeroCliente":1,"soporte":1} []
[2026-01-05T16:36:26.569369+01:00] VideoclubLogger.WARNING: Intento de alquilar soporte ya alquilado {"cliente":"Pablo","numeroCliente":1,"soporte":1} []
[2026-01-05T16:36:26.570862+01:00] VideoclubLogger.INFO: Soporte alquilado correctamente {"cliente":"Pablo","numeroCliente":1,"soporte":2} []
[2026-01-05T16:36:26.571180+01:00] VideoclubLogger.WARNING: Intento de alquilar soporte ya alquilado {"cliente":"Pablo","numeroCliente":1,"soporte":2} []
[2026-01-05T16:36:26.571634+01:00] VideoclubLogger.INFO: Soporte alquilado correctamente {"cliente":"Pablo","numeroCliente":1,"soporte":3} []
[2026-01-05T16:36:26.571957+01:00] VideoclubLogger.WARNING: Intento de alquilar soporte ya alquilado {"cliente":"Pablo","numeroCliente":1,"soporte":3} []
[2026-01-05T16:36:26.572321+01:00] VideoclubLogger.INFO: Soporte alquilado correctamente {"cliente":"Ana","numeroCliente":2,"soporte":4} []
[2026-01-05T16:36:26.572547+01:00] VideoclubLogger.INFO: Soporte alquilado correctamente {"cliente":"Ana","numeroCliente":2,"soporte":5} []
[2026-01-05T16:36:26.572584+01:00] VideoclubLogger.WARNING: Cupo de alquiler superado {"cliente":"Ana","numeroCliente":2,"maxAlquileres":2} []
[2026-01-05T16:36:26.573143+01:00] VideoclubLogger.INFO: Soporte alquilado correctamente {"cliente":"Luis","numeroCliente":3,"soporte":7} []
[2026-01-05T16:36:26.573419+01:00] VideoclubLogger.INFO: Soporte devuelto {"cliente":"Luis","numeroCliente":3,"soporte":7} []
[2026-01-05T16:36:26.612093+01:00] VideoclubLogger.INFO: Socio añadido al videoclub {"cliente":"Pablo","numeroCliente":1} []
[2026-01-05T16:36:26.612608+01:00] VideoclubLogger.INFO: Socio añadido al videoclub {"cliente":"Ana","numeroCliente":2} []
[2026-01-05T16:36:26.612670+01:00] VideoclubLogger.INFO: Producto añadido al videoclub {"producto":"Dwes\\ProyectoVideoclub\\CintaVideo","numeroProducto":1} []
[2026-01-05T16:36:26.612700+01:00] VideoclubLogger.INFO: Producto añadido al videoclub {"producto":"Dwes\\ProyectoVideoclub\\Dvd","numeroProducto":2} []
[2026-01-05T16:36:26.612725+01:00] VideoclubLogger.INFO: Producto añadido al videoclub {"producto":"Dwes\\ProyectoVideoclub\\Juego","numeroProducto":3} []
[2026-01-05T16:36:26.612836+01:00] VideoclubLogger.INFO: Soporte alquilado correctamente {"cliente":"Pablo","numeroCliente":1,"soporte":1} []
[2026-01-05T16:36:26.614050+01:00] VideoclubLogger.INFO: Socio añadido al videoclub {"cliente":"Pablo","numeroCliente":1} []
[2026-01-05T16:36:26.614410+01:00] VideoclubLogger.INFO: Socio añadido al videoclub {"cliente":"Ana","numeroCliente":2} []
[2026-01-05T16:36:26.614461+01:00] VideoclubLogger.INFO: Producto añadido al videoclub {"producto":"Dwes\\ProyectoVideoclub\\CintaVideo","numeroProducto":1} []
[2026-01-05T16:36:26.614944+01:00] VideoclubLogger.INFO: Producto añadido al videoclub {"producto":"Dwes\\ProyectoVideoclub\\Dvd","numeroProducto":2} []
[2026-01-05T16:36:26.615000+01:00] VideoclubLogger.INFO: Producto añadido al videoclub {"producto":"Dwes\\ProyectoVideoclub\\Juego","numeroProducto":3} []
[2026-01-05T16:36:26.615122+01:00] VideoclubLogger.INFO: Soporte alquilado correctamente {"cliente":"Pablo","numeroCliente":1,"soporte":1} []
[2026-01-05T16:36:26.615388+01:00] VideoclubLogger.INFO: Soporte alquilado correctamente {"cliente":"Pablo","numeroCliente":1,"soporte":2} []
[2026-01-05T16:36:26.616232+01:00] VideoclubLogger.INFO: Socio añadido al videoclub {"cliente":"Pablo","numeroCliente":1} []
[2026-01-05T16:36:26.616508+01:00] VideoclubLogger.INFO: Socio añadido al videoclub {"cliente":"Ana","numeroCliente":2} []
[2026-01-05T16:36:26.616549+01:00] VideoclubLogger.INFO: Producto añadido al videoclub {"producto":"Dwes\\ProyectoVideoclub\\CintaVideo","numeroProducto":1} []
[2026-01-05T16:36:26.616578+01:00] VideoclubLogger.INFO: Producto añadido al videoclub {"producto":"Dwes\\ProyectoVideoclub\\Dvd","numeroProducto":2} []
[2026-01-05T16:36:26.616602+01:00] VideoclubLogger.INFO: Producto añadido al videoclub {"producto":"Dwes\\ProyectoVideoclub\\Juego","numeroProducto":3} []
[2026-01-05T16:36:26.616667+01:00] VideoclubLogger.INFO: Soporte alquilado correctamente {"cliente":"Ana","numeroCliente":2,"soporte":2} []
[2026-01-05T16:36:26.616978+01:00] VideoclubLogger.INFO: Soporte devuelto {"cliente":"Ana","numeroCliente":2,"soporte":2} []
[2026-01-05T16:36:26.617394+01:00] VideoclubLogger.INFO: Socio añadido al videoclub {"cliente":"Pablo","numeroCliente":1} []
[2026-01-05T16:36:26.617652+01:00] VideoclubLogger.INFO: Socio añadido al videoclub {"cliente":"Ana","numeroCliente":2} []
[2026-01-05T16:36:26.617688+01:00] VideoclubLogger.INFO: Producto añadido al videoclub {"producto":"Dwes\\ProyectoVideoclub\\CintaVideo","numeroProducto":1} []
[2026-01-05T16:36:26.617712+01:00] VideoclubLogger.INFO: Producto añadido al videoclub {"producto":"Dwes\\ProyectoVideoclub\\Dvd","numeroProducto":2} []
[2026-01-05T16:36:26.617737+01:00] VideoclubLogger.INFO: Producto añadido al videoclub {"producto":"Dwes\\ProyectoVideoclub\\Juego","numeroProducto":3} []
[2026-01-05T16:36:26.618239+01:00] VideoclubLogger.INFO: Socio añadido al videoclub {"cliente":"Pablo","numeroCliente":1} []
[2026-01-05T16:36:26.618465+01:00] VideoclubLogger.INFO: Socio añadido al videoclub {"cliente":"Ana","numeroCliente":2} []
[2026-01-05T16:36:26.618498+01:00] VideoclubLogger.INFO: Producto añadido al videoclub {"producto":"Dwes\\ProyectoVideoclub\\CintaVideo","numeroProducto":1} []
[2026-01-05T16:36:26.618522+01:00] VideoclubLogger.INFO: Producto añadido al videoclub {"producto":"Dwes\\ProyectoVideoclub\\Dvd","numeroProducto":2} []
[2026-01-05T16:36:26.618543+01:00] VideoclubLogger.INFO: Producto añadido al videoclub {"producto":"Dwes\\ProyectoVideoclub\\Juego","numeroProducto":3} []
